<?xml version="1.0" encoding="utf-8"?><testsuites name="pytest tests"><testsuite name="pytest" errors="0" failures="0" skipped="0" tests="21" time="20.197" timestamp="2026-07-24T09:56:54.231557+00:00" hostname="agent-env-afbc6da3-50c4-4d73-99ab-fa8c3a713647"><testcase classname="tests.backend_test.TestAuth" name="test_register_login_me" time="0.561" /><testcase classname="tests.backend_test.TestAuth" name="test_me_without_token_401" time="0.049" /><testcase classname="tests.backend_test.TestAuth" name="test_login_wrong_password" time="0.265" /><testcase classname="tests.backend_test.TestAuth" name="test_register_duplicate_400" time="0.042" /><testcase classname="tests.backend_test.TestAuth" name="test_github_status_not_configured" time="0.040" /><testcase classname="tests.backend_test.TestJobLifecycle" name="test_upload_and_process" time="10.823" /><testcase classname="tests.backend_test.TestJobLifecycle" name="test_get_job_wrong_guest_token_403" time="0.048" /><testcase classname="tests.backend_test.TestJobLifecycle" name="test_get_job_missing_404" time="0.046" /><testcase classname="tests.backend_test.TestHistory" name="test_list_guest_jobs" time="0.049" /><testcase classname="tests.backend_test.TestHistory" name="test_list_no_token_empty" time="0.046" /><testcase classname="tests.backend_test.TestHistory" name="test_delete_own_job" time="0.299" /><testcase classname="tests.backend_test.TestHealth" name="test_root" time="0.045" /><testcase classname="tests.backend_test.TestHealth" name="test_health" time="0.054" /><testcase classname="tests.backend_test.TestJobMetadata" name="test_stages_order" time="0.048" /><testcase classname="tests.backend_test.TestJobMetadata" name="test_languages_15" time="0.053" /><testcase classname="tests.backend_test.TestDashboard" name="test_stats_requires_auth" time="0.055" /><testcase classname="tests.backend_test.TestDashboard" name="test_stats_shape" time="0.324" /><testcase classname="tests.backend_test.TestTranslation" name="test_translate_to_hindi" time="6.147" /><testcase classname="tests.backend_test.TestDownloads" name="test_download_transcript_txt" time="18.624" /><testcase classname="tests.backend_test.TestDownloads" name="test_download_results_json" time="0.040" /><testcase classname="tests.backend_test.TestDownloads" name="test_download_summary_pdf" time="0.042" /></testsuite></testsuites>